<?xml version="1.0" encoding="UTF-8"?>
<!-- Generated by org.testng.reporters.JUnitReportReporter -->
<testsuite hostname="home-PC" failures="0" tests="1" name="com.orangehrm.tests.LoginTest" time="10.136" errors="0" timestamp="2021-01-16T11:13:26 IST" skipped="0">
  <testcase classname="com.orangehrm.tests.LoginTest" name="VerifyLoginWithValidCredentials" time="10.136"/>
  <system-out/>
</testsuite> <!-- com.orangehrm.tests.LoginTest -->
