<?xml version="1.0" encoding="UTF-8"?>
<!-- Generated by org.testng.reporters.JUnitReportReporter -->
<testsuite hostname="home-PC" failures="0" tests="7" name="com.orangehrm.tests.jobtest" time="20.063" errors="0" timestamp="2021-01-17T16:15:09 IST" skipped="5">
  <testcase classname="com.orangehrm.tests.jobtest" name="VerifyLoginWithValidCredentials" time="16.811"/>
  <system-out/>
  <testcase classname="com.orangehrm.tests.jobtest" name="addWorkShift" time="3.252"/>
  <system-out/>
  <testcase classname="com.orangehrm.tests.jobtest" name="addingjob">
    <skipped/>
  </testcase> <!-- addingjob -->
  <system-out/>
  <testcase classname="com.orangehrm.tests.jobtest" name="deletecurrancy">
    <skipped/>
  </testcase> <!-- deletecurrancy -->
  <system-out/>
  <testcase classname="com.orangehrm.tests.jobtest" name="assignedCurrancy">
    <skipped/>
  </testcase> <!-- assignedCurrancy -->
  <system-out/>
  <testcase classname="com.orangehrm.tests.jobtest" name="paygrades">
    <skipped/>
  </testcase> <!-- paygrades -->
  <system-out/>
  <testcase classname="com.orangehrm.tests.jobtest" name="deletejob">
    <skipped/>
  </testcase> <!-- deletejob -->
  <system-out/>
</testsuite> <!-- com.orangehrm.tests.jobtest -->
