<?xml version="1.0" encoding="UTF-8"?>
<!-- Generated by org.testng.reporters.JUnitReportReporter -->
<testsuite hostname="home-PC" failures="0" tests="5" name="com.orangehrm.tests.AdminTest" time="60.167" errors="0" timestamp="2021-01-17T12:49:21 IST" skipped="1">
  <testcase classname="com.orangehrm.tests.AdminTest" name="VerifyLoginWithValidCredentials" time="15.667"/>
  <system-out/>
  <testcase classname="com.orangehrm.tests.AdminTest" name="adminpage" time="33.569"/>
  <system-out/>
  <testcase classname="com.orangehrm.tests.AdminTest" name="addEmployee" time="9.212"/>
  <system-out/>
  <testcase classname="com.orangehrm.tests.AdminTest" name="deleteEmp" time="1.719"/>
  <system-out/>
  <testcase classname="com.orangehrm.tests.AdminTest" name="reset_field">
    <skipped/>
  </testcase> <!-- reset_field -->
  <system-out/>
</testsuite> <!-- com.orangehrm.tests.AdminTest -->
