<?xml version="1.0" encoding="UTF-8"?>
<!-- Generated by org.testng.reporters.JUnitReportReporter -->
<testsuite hostname="home-PC" failures="0" tests="6" name="com.orangehrm.tests.OrganizationTest" time="19.174" errors="0" timestamp="2021-01-17T21:48:29 IST" skipped="4">
  <testcase classname="com.orangehrm.tests.OrganizationTest" name="VerifyLoginWithValidCredentials" time="15.260"/>
  <system-out/>
  <testcase classname="com.orangehrm.tests.OrganizationTest" name="reset_location" time="3.914"/>
  <system-out/>
  <testcase classname="com.orangehrm.tests.OrganizationTest" name="search_location">
    <skipped/>
  </testcase> <!-- search_location -->
  <system-out/>
  <testcase classname="com.orangehrm.tests.OrganizationTest" name="GeneralInfo">
    <skipped/>
  </testcase> <!-- GeneralInfo -->
  <system-out/>
  <testcase classname="com.orangehrm.tests.OrganizationTest" name="addLocation">
    <skipped/>
  </testcase> <!-- addLocation -->
  <system-out/>
  <testcase classname="com.orangehrm.tests.OrganizationTest" name="search_validation">
    <skipped/>
  </testcase> <!-- search_validation -->
  <system-out/>
</testsuite> <!-- com.orangehrm.tests.OrganizationTest -->
